{"numTotalTestSuites":14,"numPassedTestSuites":7,"numFailedTestSuites":7,"numPendingTestSuites":0,"numTotalTests":43,"numPassedTests":31,"numFailedTests":12,"numPendingTests":0,"numTodoTests":0,"snapshot":{"added":0,"failure":false,"filesAdded":0,"filesRemoved":0,"filesRemovedList":[],"filesUnmatched":0,"filesUpdated":0,"matched":0,"total":0,"unchecked":0,"uncheckedKeysByFile":[],"unmatched":0,"updated":0,"didUpdate":false},"startTime":1750478414357,"success":false,"testResults":[{"assertionResults":[{"ancestorTitles":["買い物リスト通知システム 統合テスト","Lambda関数とフロントエンド間のデータフロー"],"fullName":"買い物リスト通知システム 統合テスト Lambda関数とフロントエンド間のデータフロー Lambda関数が作成した通知がフロントエンドで正しく表示される形式になっている","status":"passed","title":"Lambda関数が作成した通知がフロントエンドで正しく表示される形式になっている","duration":2.3948999999997795,"failureMessages":[],"meta":{}},{"ancestorTitles":["買い物リスト通知システム 統合テスト","Lambda関数とフロントエンド間のデータフロー"],"fullName":"買い物リスト通知システム 統合テスト Lambda関数とフロントエンド間のデータフロー 複数の買い物リストに対するメッセージ形式が統一されている","status":"passed","title":"複数の買い物リストに対するメッセージ形式が統一されている","duration":0.43229999999994106,"failureMessages":[],"meta":{}},{"ancestorTitles":["買い物リスト通知システム 統合テスト","Lambda関数とフロントエンド間のデータフロー"],"fullName":"買い物リスト通知システム 統合テスト Lambda関数とフロントエンド間のデータフロー 通知の有効期限が適切に設定されている","status":"passed","title":"通知の有効期限が適切に設定されている","duration":0.45060000000012224,"failureMessages":[],"meta":{}},{"ancestorTitles":["買い物リスト通知システム 統合テスト","スケジュールとタイミング"],"fullName":"買い物リスト通知システム 統合テスト スケジュールとタイミング 日本時間7時がUTC22時前日として正しく設定されている","status":"passed","title":"日本時間7時がUTC22時前日として正しく設定されている","duration":0.2314000000001215,"failureMessages":[],"meta":{}},{"ancestorTitles":["買い物リスト通知システム 統合テスト","スケジュールとタイミング"],"fullName":"買い物リスト通知システム 統合テスト スケジュールとタイミング 当日の買い物リスト検索条件が正しい","status":"passed","title":"当日の買い物リスト検索条件が正しい","duration":1.4454000000000633,"failureMessages":[],"meta":{}},{"ancestorTitles":["買い物リスト通知システム 統合テスト","エラーハンドリングパターン"],"fullName":"買い物リスト通知システム 統合テスト エラーハンドリングパターン Lambda関数とフロントエンドで一貫したエラーハンドリングが行われる","status":"passed","title":"Lambda関数とフロントエンドで一貫したエラーハンドリングが行われる","duration":0.3625999999999294,"failureMessages":[],"meta":{}},{"ancestorTitles":["買い物リスト通知システム 統合テスト","データの整合性"],"fullName":"買い物リスト通知システム 統合テスト データの整合性 通知のナビゲーション先が既存のルートと一致している","status":"passed","title":"通知のナビゲーション先が既存のルートと一致している","duration":0.908900000000358,"failureMessages":[],"meta":{}},{"ancestorTitles":["買い物リスト通知システム 統合テスト","データの整合性"],"fullName":"買い物リスト通知システム 統合テスト データの整合性 通知タイプと関連機能が一致している","status":"passed","title":"通知タイプと関連機能が一致している","duration":0.4137999999998101,"failureMessages":[],"meta":{}},{"ancestorTitles":["買い物リスト通知システム 統合テスト","パフォーマンス要件"],"fullName":"買い物リスト通知システム 統合テスト パフォーマンス要件 通知の取得件数制限が適切に設定されている","status":"passed","title":"通知の取得件数制限が適切に設定されている","duration":0.4440999999997075,"failureMessages":[],"meta":{}},{"ancestorTitles":["買い物リスト通知システム 統合テスト","パフォーマンス要件"],"fullName":"買い物リスト通知システム 統合テスト パフォーマンス要件 通知の自動更新間隔が適切に設定されている","status":"passed","title":"通知の自動更新間隔が適切に設定されている","duration":0.2543000000000575,"failureMessages":[],"meta":{}},{"ancestorTitles":["買い物リスト通知システム 統合テスト","ユーザーエクスペリエンス"],"fullName":"買い物リスト通知システム 統合テスト ユーザーエクスペリエンス 通知メッセージが分かりやすい日本語になっている","status":"passed","title":"通知メッセージが分かりやすい日本語になっている","duration":0.5487000000002809,"failureMessages":[],"meta":{}},{"ancestorTitles":["買い物リスト通知システム 統合テスト","ユーザーエクスペリエンス"],"fullName":"買い物リスト通知システム 統合テスト ユーザーエクスペリエンス 時間表示が相対的で理解しやすい","status":"failed","title":"時間表示が相対的で理解しやすい","duration":5.600199999999859,"failureMessages":["AssertionError: expected '1時間前' to match /^(たった今|\\d+[\\u6642\\u9593\\u65E5]前)$/\n    at C:\\Users\\yutar\\workspace\\KitchenCompass\\src\\test\\shopping-list-notification.integration.test.ts:178:25\n    at Array.forEach (<anonymous>)\n    at C:\\Users\\yutar\\workspace\\KitchenCompass\\src\\test\\shopping-list-notification.integration.test.ts:177:27\n    at file:///C:/Users/yutar/workspace/KitchenCompass/node_modules/@vitest/runner/dist/index.js:146:14\n    at file:///C:/Users/yutar/workspace/KitchenCompass/node_modules/@vitest/runner/dist/index.js:533:11\n    at runWithTimeout (file:///C:/Users/yutar/workspace/KitchenCompass/node_modules/@vitest/runner/dist/index.js:39:7)\n    at runTest (file:///C:/Users/yutar/workspace/KitchenCompass/node_modules/@vitest/runner/dist/index.js:1056:17)\n    at processTicksAndRejections (node:internal/process/task_queues:105:5)\n    at runSuite (file:///C:/Users/yutar/workspace/KitchenCompass/node_modules/@vitest/runner/dist/index.js:1205:15)\n    at runSuite (file:///C:/Users/yutar/workspace/KitchenCompass/node_modules/@vitest/runner/dist/index.js:1205:15)"],"meta":{}}],"startTime":1750478416581,"endTime":1750478416595.6,"status":"failed","message":"","name":"C:/Users/yutar/workspace/KitchenCompass/src/test/shopping-list-notification.integration.test.ts"},{"assertionResults":[{"ancestorTitles":["通知関連の型定義"],"fullName":"通知関連の型定義 NotificationMessage型が正しく定義されている","status":"passed","title":"NotificationMessage型が正しく定義されている","duration":1.2289999999998145,"failureMessages":[],"meta":{}},{"ancestorTitles":["通知関連の型定義"],"fullName":"通知関連の型定義 通知タイプが適切に制限されている","status":"passed","title":"通知タイプが適切に制限されている","duration":0.3674999999998363,"failureMessages":[],"meta":{}},{"ancestorTitles":["通知関連の型定義"],"fullName":"通知関連の型定義 NotificationFilters型が正しく動作する","status":"passed","title":"NotificationFilters型が正しく動作する","duration":0.22530000000006112,"failureMessages":[],"meta":{}},{"ancestorTitles":["通知関連の型定義"],"fullName":"通知関連の型定義 CreateNotificationInput型で必須フィールドが適切に設定されている","status":"passed","title":"CreateNotificationInput型で必須フィールドが適切に設定されている","duration":0.3321000000000822,"failureMessages":[],"meta":{}},{"ancestorTitles":["通知関連の型定義"],"fullName":"通知関連の型定義 UpdateNotificationInput型で部分更新が可能","status":"passed","title":"UpdateNotificationInput型で部分更新が可能","duration":0.27460000000019136,"failureMessages":[],"meta":{}},{"ancestorTitles":["通知関連の型定義"],"fullName":"通知関連の型定義 オプションフィールドが未定義でも問題ない","status":"passed","title":"オプションフィールドが未定義でも問題ない","duration":0.27089999999998327,"failureMessages":[],"meta":{}}],"startTime":1750478416590,"endTime":1750478416592.2747,"status":"passed","message":"","name":"C:/Users/yutar/workspace/KitchenCompass/src/types/notifications.test.ts"},{"assertionResults":[{"ancestorTitles":["NotificationCenterMock"],"fullName":"NotificationCenterMock 正常にレンダリングされる","status":"passed","title":"正常にレンダリングされる","duration":56.70010000000002,"failureMessages":[],"meta":{}},{"ancestorTitles":["NotificationCenterMock"],"fullName":"NotificationCenterMock 未読通知の数がバッジに正しく表示される","status":"passed","title":"未読通知の数がバッジに正しく表示される","duration":8.93080000000009,"failureMessages":[],"meta":{}},{"ancestorTitles":["NotificationCenterMock"],"fullName":"NotificationCenterMock 通知ボタンクリックでポップオーバーが開く","status":"passed","title":"通知ボタンクリックでポップオーバーが開く","duration":113.35789999999997,"failureMessages":[],"meta":{}},{"ancestorTitles":["NotificationCenterMock"],"fullName":"NotificationCenterMock 通知リストが正しく表示される","status":"passed","title":"通知リストが正しく表示される","duration":45.50540000000001,"failureMessages":[],"meta":{}},{"ancestorTitles":["NotificationCenterMock"],"fullName":"NotificationCenterMock 未読と既読の通知が異なるスタイルで表示される","status":"passed","title":"未読と既読の通知が異なるスタイルで表示される","duration":32.44470000000001,"failureMessages":[],"meta":{}},{"ancestorTitles":["NotificationCenterMock"],"fullName":"NotificationCenterMock 買い物リスト通知にShoppingCartアイコンが表示される","status":"passed","title":"買い物リスト通知にShoppingCartアイコンが表示される","duration":26.50149999999985,"failureMessages":[],"meta":{}},{"ancestorTitles":["NotificationCenterMock"],"fullName":"NotificationCenterMock 献立通知にRestaurantMenuアイコンが表示される","status":"passed","title":"献立通知にRestaurantMenuアイコンが表示される","duration":26.979399999999714,"failureMessages":[],"meta":{}},{"ancestorTitles":["NotificationCenterMock"],"fullName":"NotificationCenterMock 通知をクリックすると既読になる","status":"passed","title":"通知をクリックすると既読になる","duration":37.75149999999985,"failureMessages":[],"meta":{}},{"ancestorTitles":["NotificationCenterMock"],"fullName":"NotificationCenterMock 通知をクリックすると適切なページに遷移する","status":"passed","title":"通知をクリックすると適切なページに遷移する","duration":60.697099999999864,"failureMessages":[],"meta":{}},{"ancestorTitles":["NotificationCenterMock"],"fullName":"NotificationCenterMock 「すべて既読にする」ボタンが機能する","status":"passed","title":"「すべて既読にする」ボタンが機能する","duration":43.30320000000029,"failureMessages":[],"meta":{}},{"ancestorTitles":["NotificationCenterMock"],"fullName":"NotificationCenterMock 時間の表示が正しく動作する","status":"failed","title":"時間の表示が正しく動作する","duration":5030.0327,"failureMessages":["Error: Test timed out in 5000ms.\nIf this is a long-running test, pass a timeout value as the last argument or configure it globally with \"testTimeout\".\n    at Timeout.<anonymous> (file:///C:/Users/yutar/workspace/KitchenCompass/node_modules/@vitest/runner/dist/index.js:44:18)\n    at listOnTimeout (node:internal/timers:608:17)\n    at processTimers (node:internal/timers:543:7)"],"meta":{}},{"ancestorTitles":["NotificationCenterMock"],"fullName":"NotificationCenterMock ポップオーバーの外側をクリックすると閉じる","status":"failed","title":"ポップオーバーの外側をクリックすると閉じる","duration":5024.369400000001,"failureMessages":["Error: Test timed out in 5000ms.\nIf this is a long-running test, pass a timeout value as the last argument or configure it globally with \"testTimeout\".\n    at Timeout.<anonymous> (file:///C:/Users/yutar/workspace/KitchenCompass/node_modules/@vitest/runner/dist/index.js:44:18)\n    at listOnTimeout (node:internal/timers:608:17)\n    at processTimers (node:internal/timers:543:7)"],"meta":{}},{"ancestorTitles":["NotificationCenterMock"],"fullName":"NotificationCenterMock 未読通知がない場合、バッジが表示されない","status":"failed","title":"未読通知がない場合、バッジが表示されない","duration":5034.802900000002,"failureMessages":["Error: Test timed out in 5000ms.\nIf this is a long-running test, pass a timeout value as the last argument or configure it globally with \"testTimeout\".\n    at Timeout.<anonymous> (file:///C:/Users/yutar/workspace/KitchenCompass/node_modules/@vitest/runner/dist/index.js:44:18)\n    at listOnTimeout (node:internal/timers:608:17)\n    at processTimers (node:internal/timers:543:7)"],"meta":{}}],"startTime":1750478418112,"endTime":1750478433653.803,"status":"failed","message":"","name":"C:/Users/yutar/workspace/KitchenCompass/src/components/notifications/NotificationCenter.mock.test.tsx"},{"assertionResults":[{"ancestorTitles":["NotificationCenter"],"fullName":"NotificationCenter 正常にレンダリングされる","status":"passed","title":"正常にレンダリングされる","duration":65.58829999999989,"failureMessages":[],"meta":{}},{"ancestorTitles":["NotificationCenter"],"fullName":"NotificationCenter 通知一覧の取得に成功した場合、正しく表示される","status":"failed","title":"通知一覧の取得に成功した場合、正しく表示される","duration":1091.6622999999995,"failureMessages":["Error: Unable to find an element with the text: 今日は「週末の買い物」の買い物予定があります！. This could be because the text is broken up by multiple elements. In this case, you can provide a function for your text matcher to make your matcher more flexible.\n\nIgnored nodes: comments, script, style\n\u001b[36m<body\u001b[39m\n  \u001b[33mstyle\u001b[39m=\u001b[32m\"padding-right: 1024px; overflow: hidden;\"\u001b[39m\n\u001b[36m>\u001b[39m\n  \u001b[36m<div\u001b[39m\n    \u001b[33maria-hidden\u001b[39m=\u001b[32m\"true\"\u001b[39m\n  \u001b[36m>\u001b[39m\n    \u001b[36m<button\u001b[39m\n      \u001b[33maria-label\u001b[39m=\u001b[32m\"通知\"\u001b[39m\n      \u001b[33mclass\u001b[39m=\u001b[32m\"MuiButtonBase-root MuiIconButton-root MuiIconButton-colorInherit MuiIconButton-sizeMedium css-h7cjts-MuiButtonBase-root-MuiIconButton-root\"\u001b[39m\n      \u001b[33mtabindex\u001b[39m=\u001b[32m\"0\"\u001b[39m\n      \u001b[33mtype\u001b[39m=\u001b[32m\"button\"\u001b[39m\n    \u001b[36m>\u001b[39m\n      \u001b[36m<span\u001b[39m\n        \u001b[33mclass\u001b[39m=\u001b[32m\"MuiBadge-root css-63ezxx-MuiBadge-root\"\u001b[39m\n      \u001b[36m>\u001b[39m\n        \u001b[36m<svg\u001b[39m\n          \u001b[33maria-hidden\u001b[39m=\u001b[32m\"true\"\u001b[39m\n          \u001b[33mclass\u001b[39m=\u001b[32m\"MuiSvgIcon-root MuiSvgIcon-fontSizeMedium css-1umw9bq-MuiSvgIcon-root\"\u001b[39m\n          \u001b[33mdata-testid\u001b[39m=\u001b[32m\"NotificationsIcon\"\u001b[39m\n          \u001b[33mfocusable\u001b[39m=\u001b[32m\"false\"\u001b[39m\n          \u001b[33mviewBox\u001b[39m=\u001b[32m\"0 0 24 24\"\u001b[39m\n        \u001b[36m>\u001b[39m\n          \u001b[36m<path\u001b[39m\n            \u001b[33md\u001b[39m=\u001b[32m\"M12 22c1.1 0 2-.9 2-2h-4c0 1.1.89 2 2 2m6-6v-5c0-3.07-1.64-5.64-4.5-6.32V4c0-.83-.67-1.5-1.5-1.5s-1.5.67-1.5 1.5v.68C7.63 5.36 6 7.92 6 11v5l-2 2v1h16v-1z\"\u001b[39m\n          \u001b[36m/>\u001b[39m\n        \u001b[36m</svg>\u001b[39m\n        \u001b[36m<span\u001b[39m\n          \u001b[33mclass\u001b[39m=\u001b[32m\"MuiBadge-badge MuiBadge-standard MuiBadge-invisible MuiBadge-anchorOriginTopRight MuiBadge-anchorOriginTopRightRectangular MuiBadge-overlapRectangular MuiBadge-colorError css-nsw3vh-MuiBadge-badge\"\u001b[39m\n        \u001b[36m>\u001b[39m\n          \u001b[0m0\u001b[0m\n        \u001b[36m</span>\u001b[39m\n      \u001b[36m</span>\u001b[39m\n    \u001b[36m</button>\u001b[39m\n  \u001b[36m</div>\u001b[39m\n  \u001b[36m<div\u001b[39m\n    \u001b[33mclass\u001b[39m=\u001b[32m\"MuiPopover-root MuiModal-root css-1t4ug28-MuiModal-root-MuiPopover-root\"\u001b[39m\n    \u001b[33mrole\u001b[39m=\u001b[32m\"presentation\"\u001b[39m\n  \u001b[36m>\u001b[39m\n    \u001b[36m<div\u001b[39m\n      \u001b[33maria-hidden\u001b[39m=\u001b[32m\"true\"\u001b[39m\n      \u001b[33mclass\u001b[39m=\u001b[32m\"MuiBackdrop-root MuiBackdrop-invisible MuiModal-backdrop css-vl6bb4-MuiBackdrop-root-MuiModal-backdrop\"\u001b[39m\n      \u001b[33mstyle\u001b[39m=\u001b[32m\"opacity: 1; transition: opacity 225ms cubic-bezier(0.4, 0, 0.2, 1) 0ms;\"\u001b[39m\n    \u001b[36m/>\u001b[39m\n    \u001b[36m<div\u001b[39m\n      \u001b[33mdata-testid\u001b[39m=\u001b[32m\"sentinelStart\"\u001b[39m\n      \u001b[33mtabindex\u001b[39m=\u001b[32m\"0\"\u001b[39m\n    \u001b[36m/>\u001b[39m\n    \u001b[36m<div\u001b[39m\n      \u001b[33mclass\u001b[39m=\u001b[32m\"MuiPaper-root MuiPaper-elevation MuiPaper-rounded MuiPaper-elevation8 MuiPopover-paper css-1dfcyzw-MuiPaper-root-MuiPopover-paper\"\u001b[39m\n      \u001b[33mstyle\u001b[39m=\u001b[32m\"--Paper-shadow: 0px 5px 5px -3px rgba(0,0,0,0.2),0px 8px 10px 1px rgba(0,0,0,0.14),0px 3px 14px 2px rgba(0,0,0,0.12); opacity: 1; transform: none; transition: opacity 0ms cubic-bezier(0.4, 0, 0.2, 1) 0ms,transform 0ms cubic-bezier(0.4, 0, 0.2, 1) 0ms; top: 16px; left: 16px; transform-origin: -16px -16px;\"\u001b[39m\n      \u001b[33mtabindex\u001b[39m=\u001b[32m\"-1\"\u001b[39m\n    \u001b[36m>\u001b[39m\n      \u001b[36m<div\u001b[39m\n        \u001b[33mclass\u001b[39m=\u001b[32m\"MuiBox-root css-1ygx5y1\"\u001b[39m\n      \u001b[36m>\u001b[39m\n        \u001b[36m<div\u001b[39m\n          \u001b[33mclass\u001b[39m=\u001b[32m\"MuiBox-root css-r6rj31\"\u001b[39m\n        \u001b[36m>\u001b[39m\n          \u001b[36m<h6\u001b[39m\n            \u001b[33mclass\u001b[39m=\u001b[32m\"MuiTypography-root MuiTypography-h6 css-1miy0lu-MuiTypography-root\"\u001b[39m\n          \u001b[36m>\u001b[39m\n            \u001b[0m通知\u001b[0m\n          \u001b[36m</h6>\u001b[39m\n        \u001b[36m</div>\u001b[39m\n        \u001b[36m<div\u001b[39m\n          \u001b[33mclass\u001b[39m=\u001b[32m\"MuiPaper-root MuiPaper-elevation MuiPaper-rounded MuiPaper-elevation0 MuiAlert-root MuiAlert-colorError MuiAlert-standardError MuiAlert-standard css-10hj2hn-MuiPaper-root-MuiAlert-root\"\u001b[39m\n          \u001b[33mrole\u001b[39m=\u001b[32m\"alert\"\u001b[39m\n          \u001b[33mstyle\u001b[39m=\u001b[32m\"--Paper-shadow: none;\"\u001b[39m\n        \u001b[36m>\u001b[39m\n          \u001b[36m<div\u001b[39m\n            \u001b[33mclass\u001b[39m=\u001b[32m\"MuiAlert-icon css-vab54s-MuiAlert-icon\"\u001b[39m\n          \u001b[36m>\u001b[39m\n            \u001b[36m<svg\u001b[39m\n              \u001b[33maria-hidden\u001b[39m=\u001b[32m\"true\"\u001b[39m\n              \u001b[33mclass\u001b[39m=\u001b[32m\"MuiSvgIcon-root MuiSvgIcon-fontSizeInherit css-1ckov0h-MuiSvgIcon-root\"\u001b[39m\n              \u001b[33mdata-testid\u001b[39m=\u001b[32m\"ErrorOutlineIcon\"\u001b[39m\n              \u001b[33mfocusable\u001b[39m=\u001b[32m\"false\"\u001b[39m\n              \u001b[33mviewBox\u001b[39m=\u001b[32m\"0 0 24 24\"\u001b[39m\n            \u001b[36m>\u001b[39m\n              \u001b[36m<path\u001b[39m\n                \u001b[33md\u001b[39m=\u001b[32m\"M11 15h2v2h-2zm0-8h2v6h-2zm.99-5C6.47 2 2 6.48 2 12s4.47 10 9.99 10C17.52 22 22 17.52 22 12S17.52 2 11.99 2zM12 20c-4.42 0-8-3.58-8-8s3.58-8 8-8 8 3.58 8 8-3.58 8-8 8z\"\u001b[39m\n              \u001b[36m/>\u001b[39m\n            \u001b[36m</svg>\u001b[39m\n          \u001b[36m</div>\u001b[39m\n          \u001b[36m<div\u001b[39m\n            \u001b[33mclass\u001b[39m=\u001b[32m\"MuiAlert-message css-zioonp-MuiAlert-message\"\u001b[39m\n          \u001b[36m>\u001b[39m\n            \u001b[0m通知の読み込みに失敗しました。\u001b[0m\n          \u001b[36m</div>\u001b[39m\n        \u001b[36m</div>\u001b[39m\n        \u001b[36m<ul\u001b[39m\n          \u001b[33mclass\u001b[39m=\u001b[32m\"MuiList-root MuiList-padding css-1pv7dgq-MuiList-root\"\u001b[39m\n        \u001b[36m>\u001b[39m\n          \u001b[36m<li\u001b[39m\n            \u001b[33mclass\u001b[39m=\u001b[32m\"MuiListItem-root MuiListItem-gutters MuiListItem-padding css-cfd5wn-MuiListItem-root\"\u001b[39m\n          \u001b[36m>\u001b[39m\n            \u001b[36m<div\u001b[39m\n              \u001b[33mclass\u001b[39m=\u001b[32m\"MuiListItemText-root MuiListItemText-multiline css-14ln1j6-MuiListItemText-root\"\u001b[39m\n            \u001b[36m>\u001b[39m\n              \u001b[36m<span\u001b[39m\n                \u001b[33mclass\u001b[39m=\u001b[32m\"MuiTypography-root MuiTypography-body1 MuiListItemText-primary css-rizt0-MuiTypography-root\"\u001b[39m\n              \u001b[36m>\u001b[39m\n                \u001b[0m通知はありません\u001b[0m\n              \u001b[36m</span>\u001b[39m\n              \u001b[36m<p\u001b[39m\n                \u001b[33mclass\u001b[39m=\u001b[32m\"MuiTypography-root MuiTypography-body2 MuiListItemText-secondary css-1a1whku-MuiTypography-root\"\u001b[39m\n              \u001b[36m>\u001b[39m\n                \u001b[0m新しい通知があると、ここに表示されます。\u001b[0m\n              \u001b[36m</p>\u001b[39m\n            \u001b[36m</div>\u001b[39m\n          \u001b[36m</li>\u001b[39m\n        \u001b[36m</ul>\u001b[39m\n      \u001b[36m</div>\u001b[39m\n    \u001b[36m</div>\u001b[39m\n    \u001b[36m<div\u001b[39m\n      \u001b[33mdata-testid\u001b[39m=\u001b[32m\"sentinelEnd\"\u001b[39m\n      \u001b[33mtabindex\u001b[39m=\u001b[32m\"0\"\u001b[39m\n    \u001b[36m/>\u001b[39m\n  \u001b[36m</div>\u001b[39m\n\u001b[36m</body>\u001b[39m\n    at Proxy.waitForWrapper (C:\\Users\\yutar\\workspace\\KitchenCompass\\node_modules\\@testing-library\\dom\\dist\\wait-for.js:163:27)\n    at C:\\Users\\yutar\\workspace\\KitchenCompass\\src\\components\\notifications\\NotificationCenter.test.tsx:112:11\n    at file:///C:/Users/yutar/workspace/KitchenCompass/node_modules/@vitest/runner/dist/index.js:146:14\n    at file:///C:/Users/yutar/workspace/KitchenCompass/node_modules/@vitest/runner/dist/index.js:533:11\n    at runWithTimeout (file:///C:/Users/yutar/workspace/KitchenCompass/node_modules/@vitest/runner/dist/index.js:39:7)\n    at runTest (file:///C:/Users/yutar/workspace/KitchenCompass/node_modules/@vitest/runner/dist/index.js:1056:17)\n    at processTicksAndRejections (node:internal/process/task_queues:105:5)\n    at runSuite (file:///C:/Users/yutar/workspace/KitchenCompass/node_modules/@vitest/runner/dist/index.js:1205:15)\n    at runSuite (file:///C:/Users/yutar/workspace/KitchenCompass/node_modules/@vitest/runner/dist/index.js:1205:15)\n    at runFiles (file:///C:/Users/yutar/workspace/KitchenCompass/node_modules/@vitest/runner/dist/index.js:1262:5)"],"meta":{}},{"ancestorTitles":["NotificationCenter"],"fullName":"NotificationCenter 未読通知数がバッジに正しく表示される","status":"failed","title":"未読通知数がバッジに正しく表示される","duration":1028.0385999999999,"failureMessages":["Error: Unable to find an element with the text: 1. This could be because the text is broken up by multiple elements. In this case, you can provide a function for your text matcher to make your matcher more flexible.\n\nIgnored nodes: comments, script, style\n\u001b[36m<body\u001b[39m\n  \u001b[33mstyle\u001b[39m=\u001b[32m\"padding-right: 1024px; overflow: hidden;\"\u001b[39m\n\u001b[36m>\u001b[39m\n  \u001b[36m<div\u001b[39m\n    \u001b[33maria-hidden\u001b[39m=\u001b[32m\"true\"\u001b[39m\n  \u001b[36m>\u001b[39m\n    \u001b[36m<button\u001b[39m\n      \u001b[33maria-label\u001b[39m=\u001b[32m\"通知\"\u001b[39m\n      \u001b[33mclass\u001b[39m=\u001b[32m\"MuiButtonBase-root MuiIconButton-root MuiIconButton-colorInherit MuiIconButton-sizeMedium css-h7cjts-MuiButtonBase-root-MuiIconButton-root\"\u001b[39m\n      \u001b[33mtabindex\u001b[39m=\u001b[32m\"0\"\u001b[39m\n      \u001b[33mtype\u001b[39m=\u001b[32m\"button\"\u001b[39m\n    \u001b[36m>\u001b[39m\n      \u001b[36m<span\u001b[39m\n        \u001b[33mclass\u001b[39m=\u001b[32m\"MuiBadge-root css-63ezxx-MuiBadge-root\"\u001b[39m\n      \u001b[36m>\u001b[39m\n        \u001b[36m<svg\u001b[39m\n          \u001b[33maria-hidden\u001b[39m=\u001b[32m\"true\"\u001b[39m\n          \u001b[33mclass\u001b[39m=\u001b[32m\"MuiSvgIcon-root MuiSvgIcon-fontSizeMedium css-1umw9bq-MuiSvgIcon-root\"\u001b[39m\n          \u001b[33mdata-testid\u001b[39m=\u001b[32m\"NotificationsIcon\"\u001b[39m\n          \u001b[33mfocusable\u001b[39m=\u001b[32m\"false\"\u001b[39m\n          \u001b[33mviewBox\u001b[39m=\u001b[32m\"0 0 24 24\"\u001b[39m\n        \u001b[36m>\u001b[39m\n          \u001b[36m<path\u001b[39m\n            \u001b[33md\u001b[39m=\u001b[32m\"M12 22c1.1 0 2-.9 2-2h-4c0 1.1.89 2 2 2m6-6v-5c0-3.07-1.64-5.64-4.5-6.32V4c0-.83-.67-1.5-1.5-1.5s-1.5.67-1.5 1.5v.68C7.63 5.36 6 7.92 6 11v5l-2 2v1h16v-1z\"\u001b[39m\n          \u001b[36m/>\u001b[39m\n        \u001b[36m</svg>\u001b[39m\n        \u001b[36m<span\u001b[39m\n          \u001b[33mclass\u001b[39m=\u001b[32m\"MuiBadge-badge MuiBadge-standard MuiBadge-invisible MuiBadge-anchorOriginTopRight MuiBadge-anchorOriginTopRightRectangular MuiBadge-overlapRectangular MuiBadge-colorError css-nsw3vh-MuiBadge-badge\"\u001b[39m\n        \u001b[36m>\u001b[39m\n          \u001b[0m0\u001b[0m\n        \u001b[36m</span>\u001b[39m\n      \u001b[36m</span>\u001b[39m\n    \u001b[36m</button>\u001b[39m\n  \u001b[36m</div>\u001b[39m\n  \u001b[36m<div\u001b[39m\n    \u001b[33mclass\u001b[39m=\u001b[32m\"MuiPopover-root MuiModal-root css-1t4ug28-MuiModal-root-MuiPopover-root\"\u001b[39m\n    \u001b[33mrole\u001b[39m=\u001b[32m\"presentation\"\u001b[39m\n  \u001b[36m>\u001b[39m\n    \u001b[36m<div\u001b[39m\n      \u001b[33maria-hidden\u001b[39m=\u001b[32m\"true\"\u001b[39m\n      \u001b[33mclass\u001b[39m=\u001b[32m\"MuiBackdrop-root MuiBackdrop-invisible MuiModal-backdrop css-vl6bb4-MuiBackdrop-root-MuiModal-backdrop\"\u001b[39m\n      \u001b[33mstyle\u001b[39m=\u001b[32m\"opacity: 1; transition: opacity 225ms cubic-bezier(0.4, 0, 0.2, 1) 0ms;\"\u001b[39m\n    \u001b[36m/>\u001b[39m\n    \u001b[36m<div\u001b[39m\n      \u001b[33mdata-testid\u001b[39m=\u001b[32m\"sentinelStart\"\u001b[39m\n      \u001b[33mtabindex\u001b[39m=\u001b[32m\"0\"\u001b[39m\n    \u001b[36m/>\u001b[39m\n    \u001b[36m<div\u001b[39m\n      \u001b[33mclass\u001b[39m=\u001b[32m\"MuiPaper-root MuiPaper-elevation MuiPaper-rounded MuiPaper-elevation8 MuiPopover-paper css-1dfcyzw-MuiPaper-root-MuiPopover-paper\"\u001b[39m\n      \u001b[33mstyle\u001b[39m=\u001b[32m\"--Paper-shadow: 0px 5px 5px -3px rgba(0,0,0,0.2),0px 8px 10px 1px rgba(0,0,0,0.14),0px 3px 14px 2px rgba(0,0,0,0.12); opacity: 1; transform: none; transition: opacity 0ms cubic-bezier(0.4, 0, 0.2, 1) 0ms,transform 0ms cubic-bezier(0.4, 0, 0.2, 1) 0ms; top: 16px; left: 16px; transform-origin: -16px -16px;\"\u001b[39m\n      \u001b[33mtabindex\u001b[39m=\u001b[32m\"-1\"\u001b[39m\n    \u001b[36m>\u001b[39m\n      \u001b[36m<div\u001b[39m\n        \u001b[33mclass\u001b[39m=\u001b[32m\"MuiBox-root css-1ygx5y1\"\u001b[39m\n      \u001b[36m>\u001b[39m\n        \u001b[36m<div\u001b[39m\n          \u001b[33mclass\u001b[39m=\u001b[32m\"MuiBox-root css-r6rj31\"\u001b[39m\n        \u001b[36m>\u001b[39m\n          \u001b[36m<h6\u001b[39m\n            \u001b[33mclass\u001b[39m=\u001b[32m\"MuiTypography-root MuiTypography-h6 css-1miy0lu-MuiTypography-root\"\u001b[39m\n          \u001b[36m>\u001b[39m\n            \u001b[0m通知\u001b[0m\n          \u001b[36m</h6>\u001b[39m\n        \u001b[36m</div>\u001b[39m\n        \u001b[36m<div\u001b[39m\n          \u001b[33mclass\u001b[39m=\u001b[32m\"MuiPaper-root MuiPaper-elevation MuiPaper-rounded MuiPaper-elevation0 MuiAlert-root MuiAlert-colorError MuiAlert-standardError MuiAlert-standard css-10hj2hn-MuiPaper-root-MuiAlert-root\"\u001b[39m\n          \u001b[33mrole\u001b[39m=\u001b[32m\"alert\"\u001b[39m\n          \u001b[33mstyle\u001b[39m=\u001b[32m\"--Paper-shadow: none;\"\u001b[39m\n        \u001b[36m>\u001b[39m\n          \u001b[36m<div\u001b[39m\n            \u001b[33mclass\u001b[39m=\u001b[32m\"MuiAlert-icon css-vab54s-MuiAlert-icon\"\u001b[39m\n          \u001b[36m>\u001b[39m\n            \u001b[36m<svg\u001b[39m\n              \u001b[33maria-hidden\u001b[39m=\u001b[32m\"true\"\u001b[39m\n              \u001b[33mclass\u001b[39m=\u001b[32m\"MuiSvgIcon-root MuiSvgIcon-fontSizeInherit css-1ckov0h-MuiSvgIcon-root\"\u001b[39m\n              \u001b[33mdata-testid\u001b[39m=\u001b[32m\"ErrorOutlineIcon\"\u001b[39m\n              \u001b[33mfocusable\u001b[39m=\u001b[32m\"false\"\u001b[39m\n              \u001b[33mviewBox\u001b[39m=\u001b[32m\"0 0 24 24\"\u001b[39m\n            \u001b[36m>\u001b[39m\n              \u001b[36m<path\u001b[39m\n                \u001b[33md\u001b[39m=\u001b[32m\"M11 15h2v2h-2zm0-8h2v6h-2zm.99-5C6.47 2 2 6.48 2 12s4.47 10 9.99 10C17.52 22 22 17.52 22 12S17.52 2 11.99 2zM12 20c-4.42 0-8-3.58-8-8s3.58-8 8-8 8 3.58 8 8-3.58 8-8 8z\"\u001b[39m\n              \u001b[36m/>\u001b[39m\n            \u001b[36m</svg>\u001b[39m\n          \u001b[36m</div>\u001b[39m\n          \u001b[36m<div\u001b[39m\n            \u001b[33mclass\u001b[39m=\u001b[32m\"MuiAlert-message css-zioonp-MuiAlert-message\"\u001b[39m\n          \u001b[36m>\u001b[39m\n            \u001b[0m通知の読み込みに失敗しました。\u001b[0m\n          \u001b[36m</div>\u001b[39m\n        \u001b[36m</div>\u001b[39m\n        \u001b[36m<ul\u001b[39m\n          \u001b[33mclass\u001b[39m=\u001b[32m\"MuiList-root MuiList-padding css-1pv7dgq-MuiList-root\"\u001b[39m\n        \u001b[36m>\u001b[39m\n          \u001b[36m<li\u001b[39m\n            \u001b[33mclass\u001b[39m=\u001b[32m\"MuiListItem-root MuiListItem-gutters MuiListItem-padding css-cfd5wn-MuiListItem-root\"\u001b[39m\n          \u001b[36m>\u001b[39m\n            \u001b[36m<div\u001b[39m\n              \u001b[33mclass\u001b[39m=\u001b[32m\"MuiListItemText-root MuiListItemText-multiline css-14ln1j6-MuiListItemText-root\"\u001b[39m\n            \u001b[36m>\u001b[39m\n              \u001b[36m<span\u001b[39m\n                \u001b[33mclass\u001b[39m=\u001b[32m\"MuiTypography-root MuiTypography-body1 MuiListItemText-primary css-rizt0-MuiTypography-root\"\u001b[39m\n              \u001b[36m>\u001b[39m\n                \u001b[0m通知はありません\u001b[0m\n              \u001b[36m</span>\u001b[39m\n              \u001b[36m<p\u001b[39m\n                \u001b[33mclass\u001b[39m=\u001b[32m\"MuiTypography-root MuiTypography-body2 MuiListItemText-secondary css-1a1whku-MuiTypography-root\"\u001b[39m\n              \u001b[36m>\u001b[39m\n                \u001b[0m新しい通知があると、ここに表示されます。\u001b[0m\n              \u001b[36m</p>\u001b[39m\n            \u001b[36m</div>\u001b[39m\n          \u001b[36m</li>\u001b[39m\n        \u001b[36m</ul>\u001b[39m\n      \u001b[36m</div>\u001b[39m\n    \u001b[36m</div>\u001b[39m\n    \u001b[36m<div\u001b[39m\n      \u001b[33mdata-testid\u001b[39m=\u001b[32m\"sentinelEnd\"\u001b[39m\n      \u001b[33mtabindex\u001b[39m=\u001b[32m\"0\"\u001b[39m\n    \u001b[36m/>\u001b[39m\n  \u001b[36m</div>\u001b[39m\n\u001b[36m</body>\u001b[39m\n    at Proxy.waitForWrapper (C:\\Users\\yutar\\workspace\\KitchenCompass\\node_modules\\@testing-library\\dom\\dist\\wait-for.js:163:27)\n    at C:\\Users\\yutar\\workspace\\KitchenCompass\\src\\components\\notifications\\NotificationCenter.test.tsx:146:11\n    at file:///C:/Users/yutar/workspace/KitchenCompass/node_modules/@vitest/runner/dist/index.js:146:14\n    at file:///C:/Users/yutar/workspace/KitchenCompass/node_modules/@vitest/runner/dist/index.js:533:11\n    at runWithTimeout (file:///C:/Users/yutar/workspace/KitchenCompass/node_modules/@vitest/runner/dist/index.js:39:7)\n    at runTest (file:///C:/Users/yutar/workspace/KitchenCompass/node_modules/@vitest/runner/dist/index.js:1056:17)\n    at runSuite (file:///C:/Users/yutar/workspace/KitchenCompass/node_modules/@vitest/runner/dist/index.js:1205:15)\n    at runSuite (file:///C:/Users/yutar/workspace/KitchenCompass/node_modules/@vitest/runner/dist/index.js:1205:15)\n    at runFiles (file:///C:/Users/yutar/workspace/KitchenCompass/node_modules/@vitest/runner/dist/index.js:1262:5)\n    at startTests (file:///C:/Users/yutar/workspace/KitchenCompass/node_modules/@vitest/runner/dist/index.js:1271:3)"],"meta":{}},{"ancestorTitles":["NotificationCenter"],"fullName":"NotificationCenter 通知の取得中はローディングが表示される","status":"passed","title":"通知の取得中はローディングが表示される","duration":38.16650000000027,"failureMessages":[],"meta":{}},{"ancestorTitles":["NotificationCenter"],"fullName":"NotificationCenter 通知の取得に失敗した場合、エラーメッセージが表示される","status":"passed","title":"通知の取得に失敗した場合、エラーメッセージが表示される","duration":30.19000000000051,"failureMessages":[],"meta":{}},{"ancestorTitles":["NotificationCenter"],"fullName":"NotificationCenter 通知がない場合、適切なメッセージが表示される","status":"passed","title":"通知がない場合、適切なメッセージが表示される","duration":35.781199999999444,"failureMessages":[],"meta":{}},{"ancestorTitles":["NotificationCenter"],"fullName":"NotificationCenter 通知をクリックすると既読になる","status":"failed","title":"通知をクリックすると既読になる","duration":1024.0082000000002,"failureMessages":["Error: Unable to find an element with the text: 今日は「週末の買い物」の買い物予定があります！. This could be because the text is broken up by multiple elements. In this case, you can provide a function for your text matcher to make your matcher more flexible.\n\nIgnored nodes: comments, script, style\n\u001b[36m<body\u001b[39m\n  \u001b[33mstyle\u001b[39m=\u001b[32m\"padding-right: 1024px; overflow: hidden;\"\u001b[39m\n\u001b[36m>\u001b[39m\n  \u001b[36m<div\u001b[39m\n    \u001b[33maria-hidden\u001b[39m=\u001b[32m\"true\"\u001b[39m\n  \u001b[36m>\u001b[39m\n    \u001b[36m<button\u001b[39m\n      \u001b[33maria-label\u001b[39m=\u001b[32m\"通知\"\u001b[39m\n      \u001b[33mclass\u001b[39m=\u001b[32m\"MuiButtonBase-root MuiIconButton-root MuiIconButton-colorInherit MuiIconButton-sizeMedium css-h7cjts-MuiButtonBase-root-MuiIconButton-root\"\u001b[39m\n      \u001b[33mtabindex\u001b[39m=\u001b[32m\"0\"\u001b[39m\n      \u001b[33mtype\u001b[39m=\u001b[32m\"button\"\u001b[39m\n    \u001b[36m>\u001b[39m\n      \u001b[36m<span\u001b[39m\n        \u001b[33mclass\u001b[39m=\u001b[32m\"MuiBadge-root css-63ezxx-MuiBadge-root\"\u001b[39m\n      \u001b[36m>\u001b[39m\n        \u001b[36m<svg\u001b[39m\n          \u001b[33maria-hidden\u001b[39m=\u001b[32m\"true\"\u001b[39m\n          \u001b[33mclass\u001b[39m=\u001b[32m\"MuiSvgIcon-root MuiSvgIcon-fontSizeMedium css-1umw9bq-MuiSvgIcon-root\"\u001b[39m\n          \u001b[33mdata-testid\u001b[39m=\u001b[32m\"NotificationsIcon\"\u001b[39m\n          \u001b[33mfocusable\u001b[39m=\u001b[32m\"false\"\u001b[39m\n          \u001b[33mviewBox\u001b[39m=\u001b[32m\"0 0 24 24\"\u001b[39m\n        \u001b[36m>\u001b[39m\n          \u001b[36m<path\u001b[39m\n            \u001b[33md\u001b[39m=\u001b[32m\"M12 22c1.1 0 2-.9 2-2h-4c0 1.1.89 2 2 2m6-6v-5c0-3.07-1.64-5.64-4.5-6.32V4c0-.83-.67-1.5-1.5-1.5s-1.5.67-1.5 1.5v.68C7.63 5.36 6 7.92 6 11v5l-2 2v1h16v-1z\"\u001b[39m\n          \u001b[36m/>\u001b[39m\n        \u001b[36m</svg>\u001b[39m\n        \u001b[36m<span\u001b[39m\n          \u001b[33mclass\u001b[39m=\u001b[32m\"MuiBadge-badge MuiBadge-standard MuiBadge-invisible MuiBadge-anchorOriginTopRight MuiBadge-anchorOriginTopRightRectangular MuiBadge-overlapRectangular MuiBadge-colorError css-nsw3vh-MuiBadge-badge\"\u001b[39m\n        \u001b[36m>\u001b[39m\n          \u001b[0m0\u001b[0m\n        \u001b[36m</span>\u001b[39m\n      \u001b[36m</span>\u001b[39m\n    \u001b[36m</button>\u001b[39m\n  \u001b[36m</div>\u001b[39m\n  \u001b[36m<div\u001b[39m\n    \u001b[33mclass\u001b[39m=\u001b[32m\"MuiPopover-root MuiModal-root css-1t4ug28-MuiModal-root-MuiPopover-root\"\u001b[39m\n    \u001b[33mrole\u001b[39m=\u001b[32m\"presentation\"\u001b[39m\n  \u001b[36m>\u001b[39m\n    \u001b[36m<div\u001b[39m\n      \u001b[33maria-hidden\u001b[39m=\u001b[32m\"true\"\u001b[39m\n      \u001b[33mclass\u001b[39m=\u001b[32m\"MuiBackdrop-root MuiBackdrop-invisible MuiModal-backdrop css-vl6bb4-MuiBackdrop-root-MuiModal-backdrop\"\u001b[39m\n      \u001b[33mstyle\u001b[39m=\u001b[32m\"opacity: 1; transition: opacity 225ms cubic-bezier(0.4, 0, 0.2, 1) 0ms;\"\u001b[39m\n    \u001b[36m/>\u001b[39m\n    \u001b[36m<div\u001b[39m\n      \u001b[33mdata-testid\u001b[39m=\u001b[32m\"sentinelStart\"\u001b[39m\n      \u001b[33mtabindex\u001b[39m=\u001b[32m\"0\"\u001b[39m\n    \u001b[36m/>\u001b[39m\n    \u001b[36m<div\u001b[39m\n      \u001b[33mclass\u001b[39m=\u001b[32m\"MuiPaper-root MuiPaper-elevation MuiPaper-rounded MuiPaper-elevation8 MuiPopover-paper css-1dfcyzw-MuiPaper-root-MuiPopover-paper\"\u001b[39m\n      \u001b[33mstyle\u001b[39m=\u001b[32m\"--Paper-shadow: 0px 5px 5px -3px rgba(0,0,0,0.2),0px 8px 10px 1px rgba(0,0,0,0.14),0px 3px 14px 2px rgba(0,0,0,0.12); opacity: 1; transform: none; transition: opacity 0ms cubic-bezier(0.4, 0, 0.2, 1) 0ms,transform 0ms cubic-bezier(0.4, 0, 0.2, 1) 0ms; top: 16px; left: 16px; transform-origin: -16px -16px;\"\u001b[39m\n      \u001b[33mtabindex\u001b[39m=\u001b[32m\"-1\"\u001b[39m\n    \u001b[36m>\u001b[39m\n      \u001b[36m<div\u001b[39m\n        \u001b[33mclass\u001b[39m=\u001b[32m\"MuiBox-root css-1ygx5y1\"\u001b[39m\n      \u001b[36m>\u001b[39m\n        \u001b[36m<div\u001b[39m\n          \u001b[33mclass\u001b[39m=\u001b[32m\"MuiBox-root css-r6rj31\"\u001b[39m\n        \u001b[36m>\u001b[39m\n          \u001b[36m<h6\u001b[39m\n            \u001b[33mclass\u001b[39m=\u001b[32m\"MuiTypography-root MuiTypography-h6 css-1miy0lu-MuiTypography-root\"\u001b[39m\n          \u001b[36m>\u001b[39m\n            \u001b[0m通知\u001b[0m\n          \u001b[36m</h6>\u001b[39m\n        \u001b[36m</div>\u001b[39m\n        \u001b[36m<div\u001b[39m\n          \u001b[33mclass\u001b[39m=\u001b[32m\"MuiPaper-root MuiPaper-elevation MuiPaper-rounded MuiPaper-elevation0 MuiAlert-root MuiAlert-colorError MuiAlert-standardError MuiAlert-standard css-10hj2hn-MuiPaper-root-MuiAlert-root\"\u001b[39m\n          \u001b[33mrole\u001b[39m=\u001b[32m\"alert\"\u001b[39m\n          \u001b[33mstyle\u001b[39m=\u001b[32m\"--Paper-shadow: none;\"\u001b[39m\n        \u001b[36m>\u001b[39m\n          \u001b[36m<div\u001b[39m\n            \u001b[33mclass\u001b[39m=\u001b[32m\"MuiAlert-icon css-vab54s-MuiAlert-icon\"\u001b[39m\n          \u001b[36m>\u001b[39m\n            \u001b[36m<svg\u001b[39m\n              \u001b[33maria-hidden\u001b[39m=\u001b[32m\"true\"\u001b[39m\n              \u001b[33mclass\u001b[39m=\u001b[32m\"MuiSvgIcon-root MuiSvgIcon-fontSizeInherit css-1ckov0h-MuiSvgIcon-root\"\u001b[39m\n              \u001b[33mdata-testid\u001b[39m=\u001b[32m\"ErrorOutlineIcon\"\u001b[39m\n              \u001b[33mfocusable\u001b[39m=\u001b[32m\"false\"\u001b[39m\n              \u001b[33mviewBox\u001b[39m=\u001b[32m\"0 0 24 24\"\u001b[39m\n            \u001b[36m>\u001b[39m\n              \u001b[36m<path\u001b[39m\n                \u001b[33md\u001b[39m=\u001b[32m\"M11 15h2v2h-2zm0-8h2v6h-2zm.99-5C6.47 2 2 6.48 2 12s4.47 10 9.99 10C17.52 22 22 17.52 22 12S17.52 2 11.99 2zM12 20c-4.42 0-8-3.58-8-8s3.58-8 8-8 8 3.58 8 8-3.58 8-8 8z\"\u001b[39m\n              \u001b[36m/>\u001b[39m\n            \u001b[36m</svg>\u001b[39m\n          \u001b[36m</div>\u001b[39m\n          \u001b[36m<div\u001b[39m\n            \u001b[33mclass\u001b[39m=\u001b[32m\"MuiAlert-message css-zioonp-MuiAlert-message\"\u001b[39m\n          \u001b[36m>\u001b[39m\n            \u001b[0m通知の読み込みに失敗しました。\u001b[0m\n          \u001b[36m</div>\u001b[39m\n        \u001b[36m</div>\u001b[39m\n        \u001b[36m<ul\u001b[39m\n          \u001b[33mclass\u001b[39m=\u001b[32m\"MuiList-root MuiList-padding css-1pv7dgq-MuiList-root\"\u001b[39m\n        \u001b[36m>\u001b[39m\n          \u001b[36m<li\u001b[39m\n            \u001b[33mclass\u001b[39m=\u001b[32m\"MuiListItem-root MuiListItem-gutters MuiListItem-padding css-cfd5wn-MuiListItem-root\"\u001b[39m\n          \u001b[36m>\u001b[39m\n            \u001b[36m<div\u001b[39m\n              \u001b[33mclass\u001b[39m=\u001b[32m\"MuiListItemText-root MuiListItemText-multiline css-14ln1j6-MuiListItemText-root\"\u001b[39m\n            \u001b[36m>\u001b[39m\n              \u001b[36m<span\u001b[39m\n                \u001b[33mclass\u001b[39m=\u001b[32m\"MuiTypography-root MuiTypography-body1 MuiListItemText-primary css-rizt0-MuiTypography-root\"\u001b[39m\n              \u001b[36m>\u001b[39m\n                \u001b[0m通知はありません\u001b[0m\n              \u001b[36m</span>\u001b[39m\n              \u001b[36m<p\u001b[39m\n                \u001b[33mclass\u001b[39m=\u001b[32m\"MuiTypography-root MuiTypography-body2 MuiListItemText-secondary css-1a1whku-MuiTypography-root\"\u001b[39m\n              \u001b[36m>\u001b[39m\n                \u001b[0m新しい通知があると、ここに表示されます。\u001b[0m\n              \u001b[36m</p>\u001b[39m\n            \u001b[36m</div>\u001b[39m\n          \u001b[36m</li>\u001b[39m\n        \u001b[36m</ul>\u001b[39m\n      \u001b[36m</div>\u001b[39m\n    \u001b[36m</div>\u001b[39m\n    \u001b[36m<div\u001b[39m\n      \u001b[33mdata-testid\u001b[39m=\u001b[32m\"sentinelEnd\"\u001b[39m\n      \u001b[33mtabindex\u001b[39m=\u001b[32m\"0\"\u001b[39m\n    \u001b[36m/>\u001b[39m\n  \u001b[36m</div>\u001b[39m\n\u001b[36m</body>\u001b[39m\n    at Proxy.waitForWrapper (C:\\Users\\yutar\\workspace\\KitchenCompass\\node_modules\\@testing-library\\dom\\dist\\wait-for.js:163:27)\n    at C:\\Users\\yutar\\workspace\\KitchenCompass\\src\\components\\notifications\\NotificationCenter.test.tsx:239:11\n    at file:///C:/Users/yutar/workspace/KitchenCompass/node_modules/@vitest/runner/dist/index.js:146:14\n    at file:///C:/Users/yutar/workspace/KitchenCompass/node_modules/@vitest/runner/dist/index.js:533:11\n    at runWithTimeout (file:///C:/Users/yutar/workspace/KitchenCompass/node_modules/@vitest/runner/dist/index.js:39:7)\n    at runTest (file:///C:/Users/yutar/workspace/KitchenCompass/node_modules/@vitest/runner/dist/index.js:1056:17)\n    at runSuite (file:///C:/Users/yutar/workspace/KitchenCompass/node_modules/@vitest/runner/dist/index.js:1205:15)\n    at runSuite (file:///C:/Users/yutar/workspace/KitchenCompass/node_modules/@vitest/runner/dist/index.js:1205:15)\n    at runFiles (file:///C:/Users/yutar/workspace/KitchenCompass/node_modules/@vitest/runner/dist/index.js:1262:5)\n    at startTests (file:///C:/Users/yutar/workspace/KitchenCompass/node_modules/@vitest/runner/dist/index.js:1271:3)"],"meta":{}},{"ancestorTitles":["NotificationCenter"],"fullName":"NotificationCenter 既読の通知をクリックしても更新リクエストは送信されない","status":"failed","title":"既読の通知をクリックしても更新リクエストは送信されない","duration":1022.4912999999997,"failureMessages":["Error: Unable to find an element with the text: 今日の献立が設定されています. This could be because the text is broken up by multiple elements. In this case, you can provide a function for your text matcher to make your matcher more flexible.\n\nIgnored nodes: comments, script, style\n\u001b[36m<body\u001b[39m\n  \u001b[33mstyle\u001b[39m=\u001b[32m\"padding-right: 1024px; overflow: hidden;\"\u001b[39m\n\u001b[36m>\u001b[39m\n  \u001b[36m<div\u001b[39m\n    \u001b[33maria-hidden\u001b[39m=\u001b[32m\"true\"\u001b[39m\n  \u001b[36m>\u001b[39m\n    \u001b[36m<button\u001b[39m\n      \u001b[33maria-label\u001b[39m=\u001b[32m\"通知\"\u001b[39m\n      \u001b[33mclass\u001b[39m=\u001b[32m\"MuiButtonBase-root MuiIconButton-root MuiIconButton-colorInherit MuiIconButton-sizeMedium css-h7cjts-MuiButtonBase-root-MuiIconButton-root\"\u001b[39m\n      \u001b[33mtabindex\u001b[39m=\u001b[32m\"0\"\u001b[39m\n      \u001b[33mtype\u001b[39m=\u001b[32m\"button\"\u001b[39m\n    \u001b[36m>\u001b[39m\n      \u001b[36m<span\u001b[39m\n        \u001b[33mclass\u001b[39m=\u001b[32m\"MuiBadge-root css-63ezxx-MuiBadge-root\"\u001b[39m\n      \u001b[36m>\u001b[39m\n        \u001b[36m<svg\u001b[39m\n          \u001b[33maria-hidden\u001b[39m=\u001b[32m\"true\"\u001b[39m\n          \u001b[33mclass\u001b[39m=\u001b[32m\"MuiSvgIcon-root MuiSvgIcon-fontSizeMedium css-1umw9bq-MuiSvgIcon-root\"\u001b[39m\n          \u001b[33mdata-testid\u001b[39m=\u001b[32m\"NotificationsIcon\"\u001b[39m\n          \u001b[33mfocusable\u001b[39m=\u001b[32m\"false\"\u001b[39m\n          \u001b[33mviewBox\u001b[39m=\u001b[32m\"0 0 24 24\"\u001b[39m\n        \u001b[36m>\u001b[39m\n          \u001b[36m<path\u001b[39m\n            \u001b[33md\u001b[39m=\u001b[32m\"M12 22c1.1 0 2-.9 2-2h-4c0 1.1.89 2 2 2m6-6v-5c0-3.07-1.64-5.64-4.5-6.32V4c0-.83-.67-1.5-1.5-1.5s-1.5.67-1.5 1.5v.68C7.63 5.36 6 7.92 6 11v5l-2 2v1h16v-1z\"\u001b[39m\n          \u001b[36m/>\u001b[39m\n        \u001b[36m</svg>\u001b[39m\n        \u001b[36m<span\u001b[39m\n          \u001b[33mclass\u001b[39m=\u001b[32m\"MuiBadge-badge MuiBadge-standard MuiBadge-invisible MuiBadge-anchorOriginTopRight MuiBadge-anchorOriginTopRightRectangular MuiBadge-overlapRectangular MuiBadge-colorError css-nsw3vh-MuiBadge-badge\"\u001b[39m\n        \u001b[36m>\u001b[39m\n          \u001b[0m0\u001b[0m\n        \u001b[36m</span>\u001b[39m\n      \u001b[36m</span>\u001b[39m\n    \u001b[36m</button>\u001b[39m\n  \u001b[36m</div>\u001b[39m\n  \u001b[36m<div\u001b[39m\n    \u001b[33mclass\u001b[39m=\u001b[32m\"MuiPopover-root MuiModal-root css-1t4ug28-MuiModal-root-MuiPopover-root\"\u001b[39m\n    \u001b[33mrole\u001b[39m=\u001b[32m\"presentation\"\u001b[39m\n  \u001b[36m>\u001b[39m\n    \u001b[36m<div\u001b[39m\n      \u001b[33maria-hidden\u001b[39m=\u001b[32m\"true\"\u001b[39m\n      \u001b[33mclass\u001b[39m=\u001b[32m\"MuiBackdrop-root MuiBackdrop-invisible MuiModal-backdrop css-vl6bb4-MuiBackdrop-root-MuiModal-backdrop\"\u001b[39m\n      \u001b[33mstyle\u001b[39m=\u001b[32m\"opacity: 1; transition: opacity 225ms cubic-bezier(0.4, 0, 0.2, 1) 0ms;\"\u001b[39m\n    \u001b[36m/>\u001b[39m\n    \u001b[36m<div\u001b[39m\n      \u001b[33mdata-testid\u001b[39m=\u001b[32m\"sentinelStart\"\u001b[39m\n      \u001b[33mtabindex\u001b[39m=\u001b[32m\"0\"\u001b[39m\n    \u001b[36m/>\u001b[39m\n    \u001b[36m<div\u001b[39m\n      \u001b[33mclass\u001b[39m=\u001b[32m\"MuiPaper-root MuiPaper-elevation MuiPaper-rounded MuiPaper-elevation8 MuiPopover-paper css-1dfcyzw-MuiPaper-root-MuiPopover-paper\"\u001b[39m\n      \u001b[33mstyle\u001b[39m=\u001b[32m\"--Paper-shadow: 0px 5px 5px -3px rgba(0,0,0,0.2),0px 8px 10px 1px rgba(0,0,0,0.14),0px 3px 14px 2px rgba(0,0,0,0.12); opacity: 1; transform: none; transition: opacity 0ms cubic-bezier(0.4, 0, 0.2, 1) 0ms,transform 0ms cubic-bezier(0.4, 0, 0.2, 1) 0ms; top: 16px; left: 16px; transform-origin: -16px -16px;\"\u001b[39m\n      \u001b[33mtabindex\u001b[39m=\u001b[32m\"-1\"\u001b[39m\n    \u001b[36m>\u001b[39m\n      \u001b[36m<div\u001b[39m\n        \u001b[33mclass\u001b[39m=\u001b[32m\"MuiBox-root css-1ygx5y1\"\u001b[39m\n      \u001b[36m>\u001b[39m\n        \u001b[36m<div\u001b[39m\n          \u001b[33mclass\u001b[39m=\u001b[32m\"MuiBox-root css-r6rj31\"\u001b[39m\n        \u001b[36m>\u001b[39m\n          \u001b[36m<h6\u001b[39m\n            \u001b[33mclass\u001b[39m=\u001b[32m\"MuiTypography-root MuiTypography-h6 css-1miy0lu-MuiTypography-root\"\u001b[39m\n          \u001b[36m>\u001b[39m\n            \u001b[0m通知\u001b[0m\n          \u001b[36m</h6>\u001b[39m\n        \u001b[36m</div>\u001b[39m\n        \u001b[36m<div\u001b[39m\n          \u001b[33mclass\u001b[39m=\u001b[32m\"MuiPaper-root MuiPaper-elevation MuiPaper-rounded MuiPaper-elevation0 MuiAlert-root MuiAlert-colorError MuiAlert-standardError MuiAlert-standard css-10hj2hn-MuiPaper-root-MuiAlert-root\"\u001b[39m\n          \u001b[33mrole\u001b[39m=\u001b[32m\"alert\"\u001b[39m\n          \u001b[33mstyle\u001b[39m=\u001b[32m\"--Paper-shadow: none;\"\u001b[39m\n        \u001b[36m>\u001b[39m\n          \u001b[36m<div\u001b[39m\n            \u001b[33mclass\u001b[39m=\u001b[32m\"MuiAlert-icon css-vab54s-MuiAlert-icon\"\u001b[39m\n          \u001b[36m>\u001b[39m\n            \u001b[36m<svg\u001b[39m\n              \u001b[33maria-hidden\u001b[39m=\u001b[32m\"true\"\u001b[39m\n              \u001b[33mclass\u001b[39m=\u001b[32m\"MuiSvgIcon-root MuiSvgIcon-fontSizeInherit css-1ckov0h-MuiSvgIcon-root\"\u001b[39m\n              \u001b[33mdata-testid\u001b[39m=\u001b[32m\"ErrorOutlineIcon\"\u001b[39m\n              \u001b[33mfocusable\u001b[39m=\u001b[32m\"false\"\u001b[39m\n              \u001b[33mviewBox\u001b[39m=\u001b[32m\"0 0 24 24\"\u001b[39m\n            \u001b[36m>\u001b[39m\n              \u001b[36m<path\u001b[39m\n                \u001b[33md\u001b[39m=\u001b[32m\"M11 15h2v2h-2zm0-8h2v6h-2zm.99-5C6.47 2 2 6.48 2 12s4.47 10 9.99 10C17.52 22 22 17.52 22 12S17.52 2 11.99 2zM12 20c-4.42 0-8-3.58-8-8s3.58-8 8-8 8 3.58 8 8-3.58 8-8 8z\"\u001b[39m\n              \u001b[36m/>\u001b[39m\n            \u001b[36m</svg>\u001b[39m\n          \u001b[36m</div>\u001b[39m\n          \u001b[36m<div\u001b[39m\n            \u001b[33mclass\u001b[39m=\u001b[32m\"MuiAlert-message css-zioonp-MuiAlert-message\"\u001b[39m\n          \u001b[36m>\u001b[39m\n            \u001b[0m通知の読み込みに失敗しました。\u001b[0m\n          \u001b[36m</div>\u001b[39m\n        \u001b[36m</div>\u001b[39m\n        \u001b[36m<ul\u001b[39m\n          \u001b[33mclass\u001b[39m=\u001b[32m\"MuiList-root MuiList-padding css-1pv7dgq-MuiList-root\"\u001b[39m\n        \u001b[36m>\u001b[39m\n          \u001b[36m<li\u001b[39m\n            \u001b[33mclass\u001b[39m=\u001b[32m\"MuiListItem-root MuiListItem-gutters MuiListItem-padding css-cfd5wn-MuiListItem-root\"\u001b[39m\n          \u001b[36m>\u001b[39m\n            \u001b[36m<div\u001b[39m\n              \u001b[33mclass\u001b[39m=\u001b[32m\"MuiListItemText-root MuiListItemText-multiline css-14ln1j6-MuiListItemText-root\"\u001b[39m\n            \u001b[36m>\u001b[39m\n              \u001b[36m<span\u001b[39m\n                \u001b[33mclass\u001b[39m=\u001b[32m\"MuiTypography-root MuiTypography-body1 MuiListItemText-primary css-rizt0-MuiTypography-root\"\u001b[39m\n              \u001b[36m>\u001b[39m\n                \u001b[0m通知はありません\u001b[0m\n              \u001b[36m</span>\u001b[39m\n              \u001b[36m<p\u001b[39m\n                \u001b[33mclass\u001b[39m=\u001b[32m\"MuiTypography-root MuiTypography-body2 MuiListItemText-secondary css-1a1whku-MuiTypography-root\"\u001b[39m\n              \u001b[36m>\u001b[39m\n                \u001b[0m新しい通知があると、ここに表示されます。\u001b[0m\n              \u001b[36m</p>\u001b[39m\n            \u001b[36m</div>\u001b[39m\n          \u001b[36m</li>\u001b[39m\n        \u001b[36m</ul>\u001b[39m\n      \u001b[36m</div>\u001b[39m\n    \u001b[36m</div>\u001b[39m\n    \u001b[36m<div\u001b[39m\n      \u001b[33mdata-testid\u001b[39m=\u001b[32m\"sentinelEnd\"\u001b[39m\n      \u001b[33mtabindex\u001b[39m=\u001b[32m\"0\"\u001b[39m\n    \u001b[36m/>\u001b[39m\n  \u001b[36m</div>\u001b[39m\n\u001b[36m</body>\u001b[39m\n    at Proxy.waitForWrapper (C:\\Users\\yutar\\workspace\\KitchenCompass\\node_modules\\@testing-library\\dom\\dist\\wait-for.js:163:27)\n    at C:\\Users\\yutar\\workspace\\KitchenCompass\\src\\components\\notifications\\NotificationCenter.test.tsx:279:11\n    at file:///C:/Users/yutar/workspace/KitchenCompass/node_modules/@vitest/runner/dist/index.js:146:14\n    at file:///C:/Users/yutar/workspace/KitchenCompass/node_modules/@vitest/runner/dist/index.js:533:11\n    at runWithTimeout (file:///C:/Users/yutar/workspace/KitchenCompass/node_modules/@vitest/runner/dist/index.js:39:7)\n    at runTest (file:///C:/Users/yutar/workspace/KitchenCompass/node_modules/@vitest/runner/dist/index.js:1056:17)\n    at runSuite (file:///C:/Users/yutar/workspace/KitchenCompass/node_modules/@vitest/runner/dist/index.js:1205:15)\n    at runSuite (file:///C:/Users/yutar/workspace/KitchenCompass/node_modules/@vitest/runner/dist/index.js:1205:15)\n    at runFiles (file:///C:/Users/yutar/workspace/KitchenCompass/node_modules/@vitest/runner/dist/index.js:1262:5)\n    at startTests (file:///C:/Users/yutar/workspace/KitchenCompass/node_modules/@vitest/runner/dist/index.js:1271:3)"],"meta":{}},{"ancestorTitles":["NotificationCenter"],"fullName":"NotificationCenter 「すべて既読にする」ボタンが機能する","status":"failed","title":"「すべて既読にする」ボタンが機能する","duration":1021.2154999999993,"failureMessages":["Error: Unable to find an element with the text: すべて既読にする. This could be because the text is broken up by multiple elements. In this case, you can provide a function for your text matcher to make your matcher more flexible.\n\nIgnored nodes: comments, script, style\n\u001b[36m<body\u001b[39m\n  \u001b[33mstyle\u001b[39m=\u001b[32m\"padding-right: 1024px; overflow: hidden;\"\u001b[39m\n\u001b[36m>\u001b[39m\n  \u001b[36m<div\u001b[39m\n    \u001b[33maria-hidden\u001b[39m=\u001b[32m\"true\"\u001b[39m\n  \u001b[36m>\u001b[39m\n    \u001b[36m<button\u001b[39m\n      \u001b[33maria-label\u001b[39m=\u001b[32m\"通知\"\u001b[39m\n      \u001b[33mclass\u001b[39m=\u001b[32m\"MuiButtonBase-root MuiIconButton-root MuiIconButton-colorInherit MuiIconButton-sizeMedium css-h7cjts-MuiButtonBase-root-MuiIconButton-root\"\u001b[39m\n      \u001b[33mtabindex\u001b[39m=\u001b[32m\"0\"\u001b[39m\n      \u001b[33mtype\u001b[39m=\u001b[32m\"button\"\u001b[39m\n    \u001b[36m>\u001b[39m\n      \u001b[36m<span\u001b[39m\n        \u001b[33mclass\u001b[39m=\u001b[32m\"MuiBadge-root css-63ezxx-MuiBadge-root\"\u001b[39m\n      \u001b[36m>\u001b[39m\n        \u001b[36m<svg\u001b[39m\n          \u001b[33maria-hidden\u001b[39m=\u001b[32m\"true\"\u001b[39m\n          \u001b[33mclass\u001b[39m=\u001b[32m\"MuiSvgIcon-root MuiSvgIcon-fontSizeMedium css-1umw9bq-MuiSvgIcon-root\"\u001b[39m\n          \u001b[33mdata-testid\u001b[39m=\u001b[32m\"NotificationsIcon\"\u001b[39m\n          \u001b[33mfocusable\u001b[39m=\u001b[32m\"false\"\u001b[39m\n          \u001b[33mviewBox\u001b[39m=\u001b[32m\"0 0 24 24\"\u001b[39m\n        \u001b[36m>\u001b[39m\n          \u001b[36m<path\u001b[39m\n            \u001b[33md\u001b[39m=\u001b[32m\"M12 22c1.1 0 2-.9 2-2h-4c0 1.1.89 2 2 2m6-6v-5c0-3.07-1.64-5.64-4.5-6.32V4c0-.83-.67-1.5-1.5-1.5s-1.5.67-1.5 1.5v.68C7.63 5.36 6 7.92 6 11v5l-2 2v1h16v-1z\"\u001b[39m\n          \u001b[36m/>\u001b[39m\n        \u001b[36m</svg>\u001b[39m\n        \u001b[36m<span\u001b[39m\n          \u001b[33mclass\u001b[39m=\u001b[32m\"MuiBadge-badge MuiBadge-standard MuiBadge-invisible MuiBadge-anchorOriginTopRight MuiBadge-anchorOriginTopRightRectangular MuiBadge-overlapRectangular MuiBadge-colorError css-nsw3vh-MuiBadge-badge\"\u001b[39m\n        \u001b[36m>\u001b[39m\n          \u001b[0m0\u001b[0m\n        \u001b[36m</span>\u001b[39m\n      \u001b[36m</span>\u001b[39m\n    \u001b[36m</button>\u001b[39m\n  \u001b[36m</div>\u001b[39m\n  \u001b[36m<div\u001b[39m\n    \u001b[33mclass\u001b[39m=\u001b[32m\"MuiPopover-root MuiModal-root css-1t4ug28-MuiModal-root-MuiPopover-root\"\u001b[39m\n    \u001b[33mrole\u001b[39m=\u001b[32m\"presentation\"\u001b[39m\n  \u001b[36m>\u001b[39m\n    \u001b[36m<div\u001b[39m\n      \u001b[33maria-hidden\u001b[39m=\u001b[32m\"true\"\u001b[39m\n      \u001b[33mclass\u001b[39m=\u001b[32m\"MuiBackdrop-root MuiBackdrop-invisible MuiModal-backdrop css-vl6bb4-MuiBackdrop-root-MuiModal-backdrop\"\u001b[39m\n      \u001b[33mstyle\u001b[39m=\u001b[32m\"opacity: 1; transition: opacity 225ms cubic-bezier(0.4, 0, 0.2, 1) 0ms;\"\u001b[39m\n    \u001b[36m/>\u001b[39m\n    \u001b[36m<div\u001b[39m\n      \u001b[33mdata-testid\u001b[39m=\u001b[32m\"sentinelStart\"\u001b[39m\n      \u001b[33mtabindex\u001b[39m=\u001b[32m\"0\"\u001b[39m\n    \u001b[36m/>\u001b[39m\n    \u001b[36m<div\u001b[39m\n      \u001b[33mclass\u001b[39m=\u001b[32m\"MuiPaper-root MuiPaper-elevation MuiPaper-rounded MuiPaper-elevation8 MuiPopover-paper css-1dfcyzw-MuiPaper-root-MuiPopover-paper\"\u001b[39m\n      \u001b[33mstyle\u001b[39m=\u001b[32m\"--Paper-shadow: 0px 5px 5px -3px rgba(0,0,0,0.2),0px 8px 10px 1px rgba(0,0,0,0.14),0px 3px 14px 2px rgba(0,0,0,0.12); opacity: 1; transform: none; transition: opacity 0ms cubic-bezier(0.4, 0, 0.2, 1) 0ms,transform 0ms cubic-bezier(0.4, 0, 0.2, 1) 0ms; top: 16px; left: 16px; transform-origin: -16px -16px;\"\u001b[39m\n      \u001b[33mtabindex\u001b[39m=\u001b[32m\"-1\"\u001b[39m\n    \u001b[36m>\u001b[39m\n      \u001b[36m<div\u001b[39m\n        \u001b[33mclass\u001b[39m=\u001b[32m\"MuiBox-root css-1ygx5y1\"\u001b[39m\n      \u001b[36m>\u001b[39m\n        \u001b[36m<div\u001b[39m\n          \u001b[33mclass\u001b[39m=\u001b[32m\"MuiBox-root css-r6rj31\"\u001b[39m\n        \u001b[36m>\u001b[39m\n          \u001b[36m<h6\u001b[39m\n            \u001b[33mclass\u001b[39m=\u001b[32m\"MuiTypography-root MuiTypography-h6 css-1miy0lu-MuiTypography-root\"\u001b[39m\n          \u001b[36m>\u001b[39m\n            \u001b[0m通知\u001b[0m\n          \u001b[36m</h6>\u001b[39m\n        \u001b[36m</div>\u001b[39m\n        \u001b[36m<div\u001b[39m\n          \u001b[33mclass\u001b[39m=\u001b[32m\"MuiPaper-root MuiPaper-elevation MuiPaper-rounded MuiPaper-elevation0 MuiAlert-root MuiAlert-colorError MuiAlert-standardError MuiAlert-standard css-10hj2hn-MuiPaper-root-MuiAlert-root\"\u001b[39m\n          \u001b[33mrole\u001b[39m=\u001b[32m\"alert\"\u001b[39m\n          \u001b[33mstyle\u001b[39m=\u001b[32m\"--Paper-shadow: none;\"\u001b[39m\n        \u001b[36m>\u001b[39m\n          \u001b[36m<div\u001b[39m\n            \u001b[33mclass\u001b[39m=\u001b[32m\"MuiAlert-icon css-vab54s-MuiAlert-icon\"\u001b[39m\n          \u001b[36m>\u001b[39m\n            \u001b[36m<svg\u001b[39m\n              \u001b[33maria-hidden\u001b[39m=\u001b[32m\"true\"\u001b[39m\n              \u001b[33mclass\u001b[39m=\u001b[32m\"MuiSvgIcon-root MuiSvgIcon-fontSizeInherit css-1ckov0h-MuiSvgIcon-root\"\u001b[39m\n              \u001b[33mdata-testid\u001b[39m=\u001b[32m\"ErrorOutlineIcon\"\u001b[39m\n              \u001b[33mfocusable\u001b[39m=\u001b[32m\"false\"\u001b[39m\n              \u001b[33mviewBox\u001b[39m=\u001b[32m\"0 0 24 24\"\u001b[39m\n            \u001b[36m>\u001b[39m\n              \u001b[36m<path\u001b[39m\n                \u001b[33md\u001b[39m=\u001b[32m\"M11 15h2v2h-2zm0-8h2v6h-2zm.99-5C6.47 2 2 6.48 2 12s4.47 10 9.99 10C17.52 22 22 17.52 22 12S17.52 2 11.99 2zM12 20c-4.42 0-8-3.58-8-8s3.58-8 8-8 8 3.58 8 8-3.58 8-8 8z\"\u001b[39m\n              \u001b[36m/>\u001b[39m\n            \u001b[36m</svg>\u001b[39m\n          \u001b[36m</div>\u001b[39m\n          \u001b[36m<div\u001b[39m\n            \u001b[33mclass\u001b[39m=\u001b[32m\"MuiAlert-message css-zioonp-MuiAlert-message\"\u001b[39m\n          \u001b[36m>\u001b[39m\n            \u001b[0m通知の読み込みに失敗しました。\u001b[0m\n          \u001b[36m</div>\u001b[39m\n        \u001b[36m</div>\u001b[39m\n        \u001b[36m<ul\u001b[39m\n          \u001b[33mclass\u001b[39m=\u001b[32m\"MuiList-root MuiList-padding css-1pv7dgq-MuiList-root\"\u001b[39m\n        \u001b[36m>\u001b[39m\n          \u001b[36m<li\u001b[39m\n            \u001b[33mclass\u001b[39m=\u001b[32m\"MuiListItem-root MuiListItem-gutters MuiListItem-padding css-cfd5wn-MuiListItem-root\"\u001b[39m\n          \u001b[36m>\u001b[39m\n            \u001b[36m<div\u001b[39m\n              \u001b[33mclass\u001b[39m=\u001b[32m\"MuiListItemText-root MuiListItemText-multiline css-14ln1j6-MuiListItemText-root\"\u001b[39m\n            \u001b[36m>\u001b[39m\n              \u001b[36m<span\u001b[39m\n                \u001b[33mclass\u001b[39m=\u001b[32m\"MuiTypography-root MuiTypography-body1 MuiListItemText-primary css-rizt0-MuiTypography-root\"\u001b[39m\n              \u001b[36m>\u001b[39m\n                \u001b[0m通知はありません\u001b[0m\n              \u001b[36m</span>\u001b[39m\n              \u001b[36m<p\u001b[39m\n                \u001b[33mclass\u001b[39m=\u001b[32m\"MuiTypography-root MuiTypography-body2 MuiListItemText-secondary css-1a1whku-MuiTypography-root\"\u001b[39m\n              \u001b[36m>\u001b[39m\n                \u001b[0m新しい通知があると、ここに表示されます。\u001b[0m\n              \u001b[36m</p>\u001b[39m\n            \u001b[36m</div>\u001b[39m\n          \u001b[36m</li>\u001b[39m\n        \u001b[36m</ul>\u001b[39m\n      \u001b[36m</div>\u001b[39m\n    \u001b[36m</div>\u001b[39m\n    \u001b[36m<div\u001b[39m\n      \u001b[33mdata-testid\u001b[39m=\u001b[32m\"sentinelEnd\"\u001b[39m\n      \u001b[33mtabindex\u001b[39m=\u001b[32m\"0\"\u001b[39m\n    \u001b[36m/>\u001b[39m\n  \u001b[36m</div>\u001b[39m\n\u001b[36m</body>\u001b[39m\n    at Proxy.waitForWrapper (C:\\Users\\yutar\\workspace\\KitchenCompass\\node_modules\\@testing-library\\dom\\dist\\wait-for.js:163:27)\n    at C:\\Users\\yutar\\workspace\\KitchenCompass\\src\\components\\notifications\\NotificationCenter.test.tsx:320:11\n    at file:///C:/Users/yutar/workspace/KitchenCompass/node_modules/@vitest/runner/dist/index.js:146:14\n    at file:///C:/Users/yutar/workspace/KitchenCompass/node_modules/@vitest/runner/dist/index.js:533:11\n    at runWithTimeout (file:///C:/Users/yutar/workspace/KitchenCompass/node_modules/@vitest/runner/dist/index.js:39:7)\n    at runTest (file:///C:/Users/yutar/workspace/KitchenCompass/node_modules/@vitest/runner/dist/index.js:1056:17)\n    at runSuite (file:///C:/Users/yutar/workspace/KitchenCompass/node_modules/@vitest/runner/dist/index.js:1205:15)\n    at runSuite (file:///C:/Users/yutar/workspace/KitchenCompass/node_modules/@vitest/runner/dist/index.js:1205:15)\n    at runFiles (file:///C:/Users/yutar/workspace/KitchenCompass/node_modules/@vitest/runner/dist/index.js:1262:5)\n    at startTests (file:///C:/Users/yutar/workspace/KitchenCompass/node_modules/@vitest/runner/dist/index.js:1271:3)"],"meta":{}},{"ancestorTitles":["NotificationCenter"],"fullName":"NotificationCenter 定期的に通知を更新する","status":"failed","title":"定期的に通知を更新する","duration":5010.3794,"failureMessages":["Error: Test timed out in 5000ms.\nIf this is a long-running test, pass a timeout value as the last argument or configure it globally with \"testTimeout\".\n    at Timeout.<anonymous> (file:///C:/Users/yutar/workspace/KitchenCompass/node_modules/@vitest/runner/dist/index.js:44:18)\n    at listOnTimeout (node:internal/timers:608:17)\n    at processTimers (node:internal/timers:543:7)"],"meta":{}},{"ancestorTitles":["NotificationCenter"],"fullName":"NotificationCenter コンポーネントがアンマウントされたときに定期更新が停止する","status":"failed","title":"コンポーネントがアンマウントされたときに定期更新が停止する","duration":9.039600000000064,"failureMessages":["AssertionError: expected \"spy\" to be called 1 times, but got 0 times\n    at C:\\Users\\yutar\\workspace\\KitchenCompass\\src\\components\\notifications\\NotificationCenter.test.tsx:388:32\n    at file:///C:/Users/yutar/workspace/KitchenCompass/node_modules/@vitest/runner/dist/index.js:146:14\n    at file:///C:/Users/yutar/workspace/KitchenCompass/node_modules/@vitest/runner/dist/index.js:533:11\n    at runWithTimeout (file:///C:/Users/yutar/workspace/KitchenCompass/node_modules/@vitest/runner/dist/index.js:39:7)\n    at runTest (file:///C:/Users/yutar/workspace/KitchenCompass/node_modules/@vitest/runner/dist/index.js:1056:17)\n    at runSuite (file:///C:/Users/yutar/workspace/KitchenCompass/node_modules/@vitest/runner/dist/index.js:1205:15)\n    at runSuite (file:///C:/Users/yutar/workspace/KitchenCompass/node_modules/@vitest/runner/dist/index.js:1205:15)\n    at runFiles (file:///C:/Users/yutar/workspace/KitchenCompass/node_modules/@vitest/runner/dist/index.js:1262:5)\n    at startTests (file:///C:/Users/yutar/workspace/KitchenCompass/node_modules/@vitest/runner/dist/index.js:1271:3)\n    at file:///C:/Users/yutar/workspace/KitchenCompass/node_modules/vitest/dist/chunks/runBaseTests.3qpJUEJM.js:126:11"],"meta":{}},{"ancestorTitles":["NotificationCenter"],"fullName":"NotificationCenter 認証エラーが発生した場合、適切にハンドリングされる","status":"failed","title":"認証エラーが発生した場合、適切にハンドリングされる","duration":5019.902000000002,"failureMessages":["Error: Test timed out in 5000ms.\nIf this is a long-running test, pass a timeout value as the last argument or configure it globally with \"testTimeout\".\n    at Timeout.<anonymous> (file:///C:/Users/yutar/workspace/KitchenCompass/node_modules/@vitest/runner/dist/index.js:44:18)\n    at listOnTimeout (node:internal/timers:608:17)\n    at processTimers (node:internal/timers:543:7)"],"meta":{}}],"startTime":1750478418134,"endTime":1750478433530.902,"status":"failed","message":"","name":"C:/Users/yutar/workspace/KitchenCompass/src/components/notifications/NotificationCenter.test.tsx"}]}